<?xml version="1.0" encoding="UTF-8"?>
<!-- Generated by org.testng.reporters.JUnitReportReporter -->
<testsuite hostname="Munnas-MacBook-Pro.local" name="com.autoBot.jetpunk.jetPunk_autoBot.testRunner" tests="1" failures="0" timestamp="22 Sep 2020 15:24:14 GMT" time="11.394" errors="0">
  <testcase name="test1" time="11.394" classname="com.autoBot.jetpunk.jetPunk_autoBot.testRunner"/>
</testsuite> <!-- com.autoBot.jetpunk.jetPunk_autoBot.testRunner -->
