<?xml version="1.0" encoding="UTF-8"?>
<!-- Generated by org.testng.reporters.JUnitReportReporter -->
<testsuite hostname="Munnas-MacBook-Pro.local" name="com.autoBot.jetpunk.jetPunk_autoBot.testRunner" tests="1" failures="0" timestamp="4 Oct 2020 20:07:34 GMT" time="17.535" errors="0">
  <testcase name="test1" time="17.535" classname="com.autoBot.jetpunk.jetPunk_autoBot.testRunner"/>
</testsuite> <!-- com.autoBot.jetpunk.jetPunk_autoBot.testRunner -->
